This is pdfTeX, Version 3.14159265-2.6-1.40.20 (TeX Live 2019) (preloaded format=pdflatex 2019.9.16)  24 JUL 2021 23:50
entering extended mode
 restricted \write18 enabled.
 file:line:error style messages enabled.
 %&-line parsing enabled.
**"STA305 Notes.tex"
(./STA305 Notes.tex
LaTeX2e <2018-12-01>
(/usr/local/texlive/2019/texmf-dist/tex/latex/base/article.cls
Document Class: article 2018/09/03 v1.4i Standard LaTeX document class
(/usr/local/texlive/2019/texmf-dist/tex/latex/base/size11.clo
File: size11.clo 2018/09/03 v1.4i Standard LaTeX file (size option)
)
\c@part=\count80
\c@section=\count81
\c@subsection=\count82
\c@subsubsection=\count83
\c@paragraph=\count84
\c@subparagraph=\count85
\c@figure=\count86
\c@table=\count87
\abovecaptionskip=\skip41
\belowcaptionskip=\skip42
\bibindent=\dimen102
)
(/usr/local/texlive/2019/texmf-dist/tex/generic/babel/babel.sty
Package: babel 2019/05/04 3.31 The Babel package

(/usr/local/texlive/2019/texmf-dist/tex/generic/babel/switch.def
File: switch.def 2019/05/04 3.31 Babel switching mechanism
)
(/usr/local/texlive/2019/texmf-dist/tex/generic/babel-english/english.ldf
Language: english 2017/06/06 v3.3r English support from the babel system

(/usr/local/texlive/2019/texmf-dist/tex/generic/babel/babel.def
File: babel.def 2019/05/04 3.31 Babel common definitions
\babel@savecnt=\count88
\U@D=\dimen103

(/usr/local/texlive/2019/texmf-dist/tex/generic/babel/txtbabel.def)
\bbl@dirlevel=\count89
)
\l@canadian = a dialect from \language\l@american 
\l@australian = a dialect from \language\l@british 
\l@newzealand = a dialect from \language\l@british 
))
(/usr/local/texlive/2019/texmf-dist/tex/latex/base/inputenc.sty
Package: inputenc 2018/08/11 v1.3c Input encoding file
\inpenc@prehook=\toks14
\inpenc@posthook=\toks15
)
(/usr/local/texlive/2019/texmf-dist/tex/latex/pgf/frontendlayer/tikz.sty
(/usr/local/texlive/2019/texmf-dist/tex/latex/pgf/basiclayer/pgf.sty
(/usr/local/texlive/2019/texmf-dist/tex/latex/pgf/utilities/pgfrcs.sty
(/usr/local/texlive/2019/texmf-dist/tex/generic/pgf/utilities/pgfutil-common.te
x
\pgfutil@everybye=\toks16
\pgfutil@tempdima=\dimen104
\pgfutil@tempdimb=\dimen105

(/usr/local/texlive/2019/texmf-dist/tex/generic/pgf/utilities/pgfutil-common-li
sts.tex))
(/usr/local/texlive/2019/texmf-dist/tex/generic/pgf/utilities/pgfutil-latex.def
\pgfutil@abb=\box27
(/usr/local/texlive/2019/texmf-dist/tex/latex/ms/everyshi.sty
Package: everyshi 2001/05/15 v3.00 EveryShipout Package (MS)
))
(/usr/local/texlive/2019/texmf-dist/tex/generic/pgf/utilities/pgfrcs.code.tex
(/usr/local/texlive/2019/texmf-dist/tex/generic/pgf/pgf.revision.tex)
Package: pgfrcs 2019/04/04 v3.1.2 (3.1.2)
))
Package: pgf 2019/04/04 v3.1.2 (3.1.2)

(/usr/local/texlive/2019/texmf-dist/tex/latex/pgf/basiclayer/pgfcore.sty
(/usr/local/texlive/2019/texmf-dist/tex/latex/graphics/graphicx.sty
Package: graphicx 2017/06/01 v1.1a Enhanced LaTeX Graphics (DPC,SPQR)

(/usr/local/texlive/2019/texmf-dist/tex/latex/graphics/keyval.sty
Package: keyval 2014/10/28 v1.15 key=value parser (DPC)
\KV@toks@=\toks17
)
(/usr/local/texlive/2019/texmf-dist/tex/latex/graphics/graphics.sty
Package: graphics 2017/06/25 v1.2c Standard LaTeX Graphics (DPC,SPQR)

(/usr/local/texlive/2019/texmf-dist/tex/latex/graphics/trig.sty
Package: trig 2016/01/03 v1.10 sin cos tan (DPC)
)
(/usr/local/texlive/2019/texmf-dist/tex/latex/graphics-cfg/graphics.cfg
File: graphics.cfg 2016/06/04 v1.11 sample graphics configuration
)
Package graphics Info: Driver file: pdftex.def on input line 99.

(/usr/local/texlive/2019/texmf-dist/tex/latex/graphics-def/pdftex.def
File: pdftex.def 2018/01/08 v1.0l Graphics/color driver for pdftex
))
\Gin@req@height=\dimen106
\Gin@req@width=\dimen107
)
(/usr/local/texlive/2019/texmf-dist/tex/latex/pgf/systemlayer/pgfsys.sty
(/usr/local/texlive/2019/texmf-dist/tex/generic/pgf/systemlayer/pgfsys.code.tex
Package: pgfsys 2019/04/04 v3.1.2 (3.1.2)
(/usr/local/texlive/2019/texmf-dist/tex/generic/pgf/utilities/pgfkeys.code.tex
\pgfkeys@pathtoks=\toks18
\pgfkeys@temptoks=\toks19

(/usr/local/texlive/2019/texmf-dist/tex/generic/pgf/utilities/pgfkeysfiltered.c
ode.tex
\pgfkeys@tmptoks=\toks20
))
\pgf@x=\dimen108
\pgf@y=\dimen109
\pgf@xa=\dimen110
\pgf@ya=\dimen111
\pgf@xb=\dimen112
\pgf@yb=\dimen113
\pgf@xc=\dimen114
\pgf@yc=\dimen115
\w@pgf@writea=\write3
\r@pgf@reada=\read1
\c@pgf@counta=\count90
\c@pgf@countb=\count91
\c@pgf@countc=\count92
\c@pgf@countd=\count93
\t@pgf@toka=\toks21
\t@pgf@tokb=\toks22
\t@pgf@tokc=\toks23
\pgf@sys@id@count=\count94

(/usr/local/texlive/2019/texmf-dist/tex/generic/pgf/systemlayer/pgf.cfg
File: pgf.cfg 2019/04/04 v3.1.2 (3.1.2)
)
Driver file for pgf: pgfsys-pdftex.def

(/usr/local/texlive/2019/texmf-dist/tex/generic/pgf/systemlayer/pgfsys-pdftex.d
ef
File: pgfsys-pdftex.def 2019/04/04 v3.1.2 (3.1.2)

(/usr/local/texlive/2019/texmf-dist/tex/generic/pgf/systemlayer/pgfsys-common-p
df.def
File: pgfsys-common-pdf.def 2019/04/04 v3.1.2 (3.1.2)
)))
(/usr/local/texlive/2019/texmf-dist/tex/generic/pgf/systemlayer/pgfsyssoftpath.
code.tex
File: pgfsyssoftpath.code.tex 2019/04/04 v3.1.2 (3.1.2)
\pgfsyssoftpath@smallbuffer@items=\count95
\pgfsyssoftpath@bigbuffer@items=\count96
)
(/usr/local/texlive/2019/texmf-dist/tex/generic/pgf/systemlayer/pgfsysprotocol.
code.tex
File: pgfsysprotocol.code.tex 2019/04/04 v3.1.2 (3.1.2)
)) (/usr/local/texlive/2019/texmf-dist/tex/latex/xcolor/xcolor.sty
Package: xcolor 2016/05/11 v2.12 LaTeX color extensions (UK)

(/usr/local/texlive/2019/texmf-dist/tex/latex/graphics-cfg/color.cfg
File: color.cfg 2016/01/02 v1.6 sample color configuration
)
Package xcolor Info: Driver file: pdftex.def on input line 225.
Package xcolor Info: Model `cmy' substituted by `cmy0' on input line 1348.
Package xcolor Info: Model `hsb' substituted by `rgb' on input line 1352.
Package xcolor Info: Model `RGB' extended on input line 1364.
Package xcolor Info: Model `HTML' substituted by `rgb' on input line 1366.
Package xcolor Info: Model `Hsb' substituted by `hsb' on input line 1367.
Package xcolor Info: Model `tHsb' substituted by `hsb' on input line 1368.
Package xcolor Info: Model `HSB' substituted by `hsb' on input line 1369.
Package xcolor Info: Model `Gray' substituted by `gray' on input line 1370.
Package xcolor Info: Model `wave' substituted by `hsb' on input line 1371.
)
(/usr/local/texlive/2019/texmf-dist/tex/generic/pgf/basiclayer/pgfcore.code.tex
Package: pgfcore 2019/04/04 v3.1.2 (3.1.2)
(/usr/local/texlive/2019/texmf-dist/tex/generic/pgf/math/pgfmath.code.tex
(/usr/local/texlive/2019/texmf-dist/tex/generic/pgf/math/pgfmathcalc.code.tex
(/usr/local/texlive/2019/texmf-dist/tex/generic/pgf/math/pgfmathutil.code.tex)
(/usr/local/texlive/2019/texmf-dist/tex/generic/pgf/math/pgfmathparser.code.tex
\pgfmath@dimen=\dimen116
\pgfmath@count=\count97
\pgfmath@box=\box28
\pgfmath@toks=\toks24
\pgfmath@stack@operand=\toks25
\pgfmath@stack@operation=\toks26
)
(/usr/local/texlive/2019/texmf-dist/tex/generic/pgf/math/pgfmathfunctions.code.
tex
(/usr/local/texlive/2019/texmf-dist/tex/generic/pgf/math/pgfmathfunctions.basic
.code.tex)
(/usr/local/texlive/2019/texmf-dist/tex/generic/pgf/math/pgfmathfunctions.trigo
nometric.code.tex)
(/usr/local/texlive/2019/texmf-dist/tex/generic/pgf/math/pgfmathfunctions.rando
m.code.tex)
(/usr/local/texlive/2019/texmf-dist/tex/generic/pgf/math/pgfmathfunctions.compa
rison.code.tex)
(/usr/local/texlive/2019/texmf-dist/tex/generic/pgf/math/pgfmathfunctions.base.
code.tex)
(/usr/local/texlive/2019/texmf-dist/tex/generic/pgf/math/pgfmathfunctions.round
.code.tex)
(/usr/local/texlive/2019/texmf-dist/tex/generic/pgf/math/pgfmathfunctions.misc.
code.tex)
(/usr/local/texlive/2019/texmf-dist/tex/generic/pgf/math/pgfmathfunctions.integ
erarithmetics.code.tex)))
(/usr/local/texlive/2019/texmf-dist/tex/generic/pgf/math/pgfmathfloat.code.tex
\c@pgfmathroundto@lastzeros=\count98
))
(/usr/local/texlive/2019/texmf-dist/tex/generic/pgf/basiclayer/pgfcorepoints.co
de.tex
File: pgfcorepoints.code.tex 2019/04/04 v3.1.2 (3.1.2)
\pgf@picminx=\dimen117
\pgf@picmaxx=\dimen118
\pgf@picminy=\dimen119
\pgf@picmaxy=\dimen120
\pgf@pathminx=\dimen121
\pgf@pathmaxx=\dimen122
\pgf@pathminy=\dimen123
\pgf@pathmaxy=\dimen124
\pgf@xx=\dimen125
\pgf@xy=\dimen126
\pgf@yx=\dimen127
\pgf@yy=\dimen128
\pgf@zx=\dimen129
\pgf@zy=\dimen130
)
(/usr/local/texlive/2019/texmf-dist/tex/generic/pgf/basiclayer/pgfcorepathconst
ruct.code.tex
File: pgfcorepathconstruct.code.tex 2019/04/04 v3.1.2 (3.1.2)
\pgf@path@lastx=\dimen131
\pgf@path@lasty=\dimen132
)
(/usr/local/texlive/2019/texmf-dist/tex/generic/pgf/basiclayer/pgfcorepathusage
.code.tex
File: pgfcorepathusage.code.tex 2019/04/04 v3.1.2 (3.1.2)
\pgf@shorten@end@additional=\dimen133
\pgf@shorten@start@additional=\dimen134
)
(/usr/local/texlive/2019/texmf-dist/tex/generic/pgf/basiclayer/pgfcorescopes.co
de.tex
File: pgfcorescopes.code.tex 2019/04/04 v3.1.2 (3.1.2)
\pgfpic=\box29
\pgf@hbox=\box30
\pgf@layerbox@main=\box31
\pgf@picture@serial@count=\count99
)
(/usr/local/texlive/2019/texmf-dist/tex/generic/pgf/basiclayer/pgfcoregraphicst
ate.code.tex
File: pgfcoregraphicstate.code.tex 2019/04/04 v3.1.2 (3.1.2)
\pgflinewidth=\dimen135
)
(/usr/local/texlive/2019/texmf-dist/tex/generic/pgf/basiclayer/pgfcoretransform
ations.code.tex
File: pgfcoretransformations.code.tex 2019/04/04 v3.1.2 (3.1.2)
\pgf@pt@x=\dimen136
\pgf@pt@y=\dimen137
\pgf@pt@temp=\dimen138
)
(/usr/local/texlive/2019/texmf-dist/tex/generic/pgf/basiclayer/pgfcorequick.cod
e.tex
File: pgfcorequick.code.tex 2019/04/04 v3.1.2 (3.1.2)
)
(/usr/local/texlive/2019/texmf-dist/tex/generic/pgf/basiclayer/pgfcoreobjects.c
ode.tex
File: pgfcoreobjects.code.tex 2019/04/04 v3.1.2 (3.1.2)
)
(/usr/local/texlive/2019/texmf-dist/tex/generic/pgf/basiclayer/pgfcorepathproce
ssing.code.tex
File: pgfcorepathprocessing.code.tex 2019/04/04 v3.1.2 (3.1.2)
)
(/usr/local/texlive/2019/texmf-dist/tex/generic/pgf/basiclayer/pgfcorearrows.co
de.tex
File: pgfcorearrows.code.tex 2019/04/04 v3.1.2 (3.1.2)
\pgfarrowsep=\dimen139
)
(/usr/local/texlive/2019/texmf-dist/tex/generic/pgf/basiclayer/pgfcoreshade.cod
e.tex
File: pgfcoreshade.code.tex 2019/04/04 v3.1.2 (3.1.2)
\pgf@max=\dimen140
\pgf@sys@shading@range@num=\count100
\pgf@shadingcount=\count101
)
(/usr/local/texlive/2019/texmf-dist/tex/generic/pgf/basiclayer/pgfcoreimage.cod
e.tex
File: pgfcoreimage.code.tex 2019/04/04 v3.1.2 (3.1.2)

(/usr/local/texlive/2019/texmf-dist/tex/generic/pgf/basiclayer/pgfcoreexternal.
code.tex
File: pgfcoreexternal.code.tex 2019/04/04 v3.1.2 (3.1.2)
\pgfexternal@startupbox=\box32
))
(/usr/local/texlive/2019/texmf-dist/tex/generic/pgf/basiclayer/pgfcorelayers.co
de.tex
File: pgfcorelayers.code.tex 2019/04/04 v3.1.2 (3.1.2)
)
(/usr/local/texlive/2019/texmf-dist/tex/generic/pgf/basiclayer/pgfcoretranspare
ncy.code.tex
File: pgfcoretransparency.code.tex 2019/04/04 v3.1.2 (3.1.2)
)
(/usr/local/texlive/2019/texmf-dist/tex/generic/pgf/basiclayer/pgfcorepatterns.
code.tex
File: pgfcorepatterns.code.tex 2019/04/04 v3.1.2 (3.1.2)
)
(/usr/local/texlive/2019/texmf-dist/tex/generic/pgf/basiclayer/pgfcorerdf.code.
tex
File: pgfcorerdf.code.tex 2019/04/04 v3.1.2 (3.1.2)
)))
(/usr/local/texlive/2019/texmf-dist/tex/generic/pgf/modules/pgfmoduleshapes.cod
e.tex
File: pgfmoduleshapes.code.tex 2019/04/04 v3.1.2 (3.1.2)
\pgfnodeparttextbox=\box33
)
(/usr/local/texlive/2019/texmf-dist/tex/generic/pgf/modules/pgfmoduleplot.code.
tex
File: pgfmoduleplot.code.tex 2019/04/04 v3.1.2 (3.1.2)
)
(/usr/local/texlive/2019/texmf-dist/tex/latex/pgf/compatibility/pgfcomp-version
-0-65.sty
Package: pgfcomp-version-0-65 2019/04/04 v3.1.2 (3.1.2)
\pgf@nodesepstart=\dimen141
\pgf@nodesepend=\dimen142
)
(/usr/local/texlive/2019/texmf-dist/tex/latex/pgf/compatibility/pgfcomp-version
-1-18.sty
Package: pgfcomp-version-1-18 2019/04/04 v3.1.2 (3.1.2)
))
(/usr/local/texlive/2019/texmf-dist/tex/latex/pgf/utilities/pgffor.sty
(/usr/local/texlive/2019/texmf-dist/tex/latex/pgf/utilities/pgfkeys.sty
(/usr/local/texlive/2019/texmf-dist/tex/generic/pgf/utilities/pgfkeys.code.tex)
) (/usr/local/texlive/2019/texmf-dist/tex/latex/pgf/math/pgfmath.sty
(/usr/local/texlive/2019/texmf-dist/tex/generic/pgf/math/pgfmath.code.tex))
(/usr/local/texlive/2019/texmf-dist/tex/generic/pgf/utilities/pgffor.code.tex
Package: pgffor 2019/04/04 v3.1.2 (3.1.2)

(/usr/local/texlive/2019/texmf-dist/tex/generic/pgf/math/pgfmath.code.tex)
\pgffor@iter=\dimen143
\pgffor@skip=\dimen144
\pgffor@stack=\toks27
\pgffor@toks=\toks28
))
(/usr/local/texlive/2019/texmf-dist/tex/generic/pgf/frontendlayer/tikz/tikz.cod
e.tex
Package: tikz 2019/04/04 v3.1.2 (3.1.2)

(/usr/local/texlive/2019/texmf-dist/tex/generic/pgf/libraries/pgflibraryplothan
dlers.code.tex
File: pgflibraryplothandlers.code.tex 2019/04/04 v3.1.2 (3.1.2)
\pgf@plot@mark@count=\count102
\pgfplotmarksize=\dimen145
)
\tikz@lastx=\dimen146
\tikz@lasty=\dimen147
\tikz@lastxsaved=\dimen148
\tikz@lastysaved=\dimen149
\tikzleveldistance=\dimen150
\tikzsiblingdistance=\dimen151
\tikz@figbox=\box34
\tikz@figbox@bg=\box35
\tikz@tempbox=\box36
\tikz@tempbox@bg=\box37
\tikztreelevel=\count103
\tikznumberofchildren=\count104
\tikznumberofcurrentchild=\count105
\tikz@fig@count=\count106

(/usr/local/texlive/2019/texmf-dist/tex/generic/pgf/modules/pgfmodulematrix.cod
e.tex
File: pgfmodulematrix.code.tex 2019/04/04 v3.1.2 (3.1.2)
\pgfmatrixcurrentrow=\count107
\pgfmatrixcurrentcolumn=\count108
\pgf@matrix@numberofcolumns=\count109
)
\tikz@expandcount=\count110

(/usr/local/texlive/2019/texmf-dist/tex/generic/pgf/frontendlayer/tikz/librarie
s/tikzlibrarytopaths.code.tex
File: tikzlibrarytopaths.code.tex 2019/04/04 v3.1.2 (3.1.2)
)))
(/usr/local/texlive/2019/texmf-dist/tex/latex/amsmath/amsmath.sty
Package: amsmath 2018/12/01 v2.17b AMS math features
\@mathmargin=\skip43

For additional information on amsmath, use the `?' option.
(/usr/local/texlive/2019/texmf-dist/tex/latex/amsmath/amstext.sty
Package: amstext 2000/06/29 v2.01 AMS text

(/usr/local/texlive/2019/texmf-dist/tex/latex/amsmath/amsgen.sty
File: amsgen.sty 1999/11/30 v2.0 generic functions
\@emptytoks=\toks29
\ex@=\dimen152
))
(/usr/local/texlive/2019/texmf-dist/tex/latex/amsmath/amsbsy.sty
Package: amsbsy 1999/11/29 v1.2d Bold Symbols
\pmbraise@=\dimen153
)
(/usr/local/texlive/2019/texmf-dist/tex/latex/amsmath/amsopn.sty
Package: amsopn 2016/03/08 v2.02 operator names
)
\inf@bad=\count111
LaTeX Info: Redefining \frac on input line 223.
\uproot@=\count112
\leftroot@=\count113
LaTeX Info: Redefining \overline on input line 385.
\classnum@=\count114
\DOTSCASE@=\count115
LaTeX Info: Redefining \ldots on input line 482.
LaTeX Info: Redefining \dots on input line 485.
LaTeX Info: Redefining \cdots on input line 606.
\Mathstrutbox@=\box38
\strutbox@=\box39
\big@size=\dimen154
LaTeX Font Info:    Redeclaring font encoding OML on input line 729.
LaTeX Font Info:    Redeclaring font encoding OMS on input line 730.
\macc@depth=\count116
\c@MaxMatrixCols=\count117
\dotsspace@=\muskip10
\c@parentequation=\count118
\dspbrk@lvl=\count119
\tag@help=\toks30
\row@=\count120
\column@=\count121
\maxfields@=\count122
\andhelp@=\toks31
\eqnshift@=\dimen155
\alignsep@=\dimen156
\tagshift@=\dimen157
\tagwidth@=\dimen158
\totwidth@=\dimen159
\lineht@=\dimen160
\@envbody=\toks32
\multlinegap=\skip44
\multlinetaggap=\skip45
\mathdisplay@stack=\toks33
LaTeX Info: Redefining \[ on input line 2844.
LaTeX Info: Redefining \] on input line 2845.
)
(/usr/local/texlive/2019/texmf-dist/tex/latex/amsfonts/amssymb.sty
Package: amssymb 2013/01/14 v3.01 AMS font symbols

(/usr/local/texlive/2019/texmf-dist/tex/latex/amsfonts/amsfonts.sty
Package: amsfonts 2013/01/14 v3.01 Basic AMSFonts support
\symAMSa=\mathgroup4
\symAMSb=\mathgroup5
LaTeX Font Info:    Overwriting math alphabet `\mathfrak' in version `bold'
(Font)                  U/euf/m/n --> U/euf/b/n on input line 106.
))
(/usr/local/texlive/2019/texmf-dist/tex/latex/amscls/amsthm.sty
Package: amsthm 2017/10/31 v2.20.4
\thm@style=\toks34
\thm@bodyfont=\toks35
\thm@headfont=\toks36
\thm@notefont=\toks37
\thm@headpunct=\toks38
\thm@preskip=\skip46
\thm@postskip=\skip47
\thm@headsep=\skip48
\dth@everypar=\toks39
)
(/usr/local/texlive/2019/texmf-dist/tex/latex/tikz-cd/tikz-cd.sty
Package: tikz-cd 2018/11/19 v0.9f Commutative diagrams with TikZ

(/usr/local/texlive/2019/texmf-dist/tex/generic/tikz-cd/tikzlibrarycd.code.tex
(/usr/local/texlive/2019/texmf-dist/tex/generic/pgf/frontendlayer/tikz/librarie
s/tikzlibrarymatrix.code.tex
File: tikzlibrarymatrix.code.tex 2019/04/04 v3.1.2 (3.1.2)
)
(/usr/local/texlive/2019/texmf-dist/tex/generic/pgf/frontendlayer/tikz/librarie
s/tikzlibraryquotes.code.tex
File: tikzlibraryquotes.code.tex 2019/04/04 v3.1.2 (3.1.2)
)
(/usr/local/texlive/2019/texmf-dist/tex/generic/pgf/libraries/pgflibraryarrows.
meta.code.tex
File: pgflibraryarrows.meta.code.tex 2019/04/04 v3.1.2 (3.1.2)
\pgfarrowinset=\dimen161
\pgfarrowlength=\dimen162
\pgfarrowwidth=\dimen163
\pgfarrowlinewidth=\dimen164
)))
(/usr/local/texlive/2019/texmf-dist/tex/latex/jknapltx/mathrsfs.sty
Package: mathrsfs 1996/01/01 Math RSFS package v1.0 (jk)
\symrsfs=\mathgroup6
)
(/usr/local/texlive/2019/texmf-dist/tex/latex/todonotes/todonotes.sty
Package: todonotes 2019/01/24 v1.1.2 Todonotes source and documentation.
Package: todonotes 2018/11/22

(/usr/local/texlive/2019/texmf-dist/tex/latex/base/ifthen.sty
Package: ifthen 2014/09/29 v1.1c Standard LaTeX ifthen package (DPC)
)
(/usr/local/texlive/2019/texmf-dist/tex/latex/xkeyval/xkeyval.sty
Package: xkeyval 2014/12/03 v2.7a package option processing (HA)

(/usr/local/texlive/2019/texmf-dist/tex/generic/xkeyval/xkeyval.tex
(/usr/local/texlive/2019/texmf-dist/tex/generic/xkeyval/xkvutils.tex
\XKV@toks=\toks40
\XKV@tempa@toks=\toks41
)
\XKV@depth=\count123
File: xkeyval.tex 2014/12/03 v2.7a key=value parser (HA)
))
(/usr/local/texlive/2019/texmf-dist/tex/generic/pgf/frontendlayer/tikz/librarie
s/tikzlibrarypositioning.code.tex
File: tikzlibrarypositioning.code.tex 2019/04/04 v3.1.2 (3.1.2)
)
(/usr/local/texlive/2019/texmf-dist/tex/generic/pgf/frontendlayer/tikz/librarie
s/tikzlibraryshadows.code.tex
File: tikzlibraryshadows.code.tex 2019/04/04 v3.1.2 (3.1.2)

(/usr/local/texlive/2019/texmf-dist/tex/generic/pgf/frontendlayer/tikz/librarie
s/tikzlibraryfadings.code.tex
File: tikzlibraryfadings.code.tex 2019/04/04 v3.1.2 (3.1.2)

(/usr/local/texlive/2019/texmf-dist/tex/generic/pgf/libraries/pgflibraryfadings
.code.tex
File: pgflibraryfadings.code.tex 2019/04/04 v3.1.2 (3.1.2)
))) (/usr/local/texlive/2019/texmf-dist/tex/latex/tools/calc.sty
Package: calc 2017/05/25 v4.3 Infix arithmetic (KKT,FJ)
\calc@Acount=\count124
\calc@Bcount=\count125
\calc@Adimen=\dimen165
\calc@Bdimen=\dimen166
\calc@Askip=\skip49
\calc@Bskip=\skip50
LaTeX Info: Redefining \setlength on input line 80.
LaTeX Info: Redefining \addtolength on input line 81.
\calc@Ccount=\count126
\calc@Cskip=\skip51
)
\c@@todonotes@numberoftodonotes=\count127
)
(/usr/local/texlive/2019/texmf-dist/tex/latex/enumitem/enumitem.sty
Package: enumitem 2019/02/04 v3.8 Customized lists
\labelindent=\skip52
\enit@outerparindent=\dimen167
\enit@toks=\toks42
\enit@inbox=\box40
\enit@count@id=\count128
\enitdp@description=\count129
)
(/usr/local/texlive/2019/texmf-dist/tex/latex/yfonts/yfonts.sty
Package: yfonts 2019/04/04 v1.4 (WaS&NP)
Now handling font encoding LY ...
... no UTF-8 mapping file for font encoding LY
Now handling font encoding LYG ...
... no UTF-8 mapping file for font encoding LYG
LaTeX Info: Composite with undeclared \" in encoding LYG on input line 58.
)
(/usr/local/texlive/2019/texmf-dist/tex/latex/doublestroke/dsfont.sty
Package: dsfont 1995/08/01 v0.1 Double stroke roman fonts
)
(/usr/local/texlive/2019/texmf-dist/tex/latex/soul/soul.sty
Package: soul 2003/11/17 v2.4 letterspacing/underlining (mf)
\SOUL@word=\toks43
\SOUL@lasttoken=\toks44
\SOUL@cmds=\toks45
\SOUL@buffer=\toks46
\SOUL@token=\toks47
\SOUL@spaceskip=\skip53
\SOUL@ttwidth=\dimen168
\SOUL@uldp=\dimen169
\SOUL@ulht=\dimen170
)
(/usr/local/texlive/2019/texmf-dist/tex/generic/ulem/ulem.sty
\UL@box=\box41
\UL@hyphenbox=\box42
\UL@skip=\skip54
\UL@hook=\toks48
\UL@height=\dimen171
\UL@pe=\count130
\UL@pixel=\dimen172
\ULC@box=\box43
Package: ulem 2012/05/18
\ULdepth=\dimen173
)
(/usr/local/texlive/2019/texmf-dist/tex/latex/xpatch/xpatch.sty
(/usr/local/texlive/2019/texmf-dist/tex/latex/l3kernel/expl3.sty
Package: expl3 2019-05-07 L3 programming layer (loader) 

(/usr/local/texlive/2019/texmf-dist/tex/latex/l3kernel/expl3-code.tex
Package: expl3 2019-05-07 L3 programming layer (code)
\c_max_int=\count131
\l_tmpa_int=\count132
\l_tmpb_int=\count133
\g_tmpa_int=\count134
\g_tmpb_int=\count135
\g__kernel_prg_map_int=\count136
\c__ior_term_ior=\count137
\c_log_iow=\count138
\l_iow_line_count_int=\count139
\l__iow_line_target_int=\count140
\l__iow_one_indent_int=\count141
\l__iow_indent_int=\count142
\c_zero_dim=\dimen174
\c_max_dim=\dimen175
\l_tmpa_dim=\dimen176
\l_tmpb_dim=\dimen177
\g_tmpa_dim=\dimen178
\g_tmpb_dim=\dimen179
\c_zero_skip=\skip55
\c_max_skip=\skip56
\l_tmpa_skip=\skip57
\l_tmpb_skip=\skip58
\g_tmpa_skip=\skip59
\g_tmpb_skip=\skip60
\c_zero_muskip=\muskip11
\c_max_muskip=\muskip12
\l_tmpa_muskip=\muskip13
\l_tmpb_muskip=\muskip14
\g_tmpa_muskip=\muskip15
\g_tmpb_muskip=\muskip16
\l_keys_choice_int=\count143
\l__intarray_loop_int=\count144
\c__intarray_sp_dim=\dimen180
\g__intarray_font_int=\count145
\c__fp_leading_shift_int=\count146
\c__fp_middle_shift_int=\count147
\c__fp_trailing_shift_int=\count148
\c__fp_big_leading_shift_int=\count149
\c__fp_big_middle_shift_int=\count150
\c__fp_big_trailing_shift_int=\count151
\c__fp_Bigg_leading_shift_int=\count152
\c__fp_Bigg_middle_shift_int=\count153
\c__fp_Bigg_trailing_shift_int=\count154
\c__kernel_randint_max_int=\count155
\g__fp_array_int=\count156
\l__fp_array_loop_int=\count157
\l__sort_length_int=\count158
\l__sort_min_int=\count159
\l__sort_top_int=\count160
\l__sort_max_int=\count161
\l__sort_true_max_int=\count162
\l__sort_block_int=\count163
\l__sort_begin_int=\count164
\l__sort_end_int=\count165
\l__sort_A_int=\count166
\l__sort_B_int=\count167
\l__sort_C_int=\count168
\l__tl_analysis_normal_int=\count169
\l__tl_analysis_index_int=\count170
\l__tl_analysis_nesting_int=\count171
\l__tl_analysis_type_int=\count172
\l__regex_internal_a_int=\count173
\l__regex_internal_b_int=\count174
\l__regex_internal_c_int=\count175
\l__regex_balance_int=\count176
\l__regex_group_level_int=\count177
\l__regex_mode_int=\count178
\c__regex_cs_in_class_mode_int=\count179
\c__regex_cs_mode_int=\count180
\l__regex_catcodes_int=\count181
\l__regex_default_catcodes_int=\count182
\c__regex_catcode_D_int=\count183
\c__regex_catcode_S_int=\count184
\c__regex_catcode_L_int=\count185
\c__regex_catcode_O_int=\count186
\c__regex_catcode_A_int=\count187
\c__regex_all_catcodes_int=\count188
\l__regex_show_lines_int=\count189
\l__regex_min_state_int=\count190
\l__regex_max_state_int=\count191
\l__regex_left_state_int=\count192
\l__regex_right_state_int=\count193
\l__regex_capturing_group_int=\count194
\l__regex_min_pos_int=\count195
\l__regex_max_pos_int=\count196
\l__regex_curr_pos_int=\count197
\l__regex_start_pos_int=\count198
\l__regex_success_pos_int=\count199
\l__regex_curr_char_int=\count266
\l__regex_curr_catcode_int=\count267
\l__regex_last_char_int=\count268
\l__regex_case_changed_char_int=\count269
\l__regex_curr_state_int=\count270
\l__regex_step_int=\count271
\l__regex_min_active_int=\count272
\l__regex_max_active_int=\count273
\l__regex_replacement_csnames_int=\count274
\l__regex_match_count_int=\count275
\l__regex_min_submatch_int=\count276
\l__regex_submatch_int=\count277
\l__regex_zeroth_submatch_int=\count278
\g__regex_trace_regex_int=\count279
\c_empty_box=\box44
\l_tmpa_box=\box45
\l_tmpb_box=\box46
\g_tmpa_box=\box47
\g_tmpb_box=\box48
\l__box_top_dim=\dimen181
\l__box_bottom_dim=\dimen182
\l__box_left_dim=\dimen183
\l__box_right_dim=\dimen184
\l__box_top_new_dim=\dimen185
\l__box_bottom_new_dim=\dimen186
\l__box_left_new_dim=\dimen187
\l__box_right_new_dim=\dimen188
\l__box_internal_box=\box49
\l__coffin_internal_box=\box50
\l__coffin_internal_dim=\dimen189
\l__coffin_offset_x_dim=\dimen190
\l__coffin_offset_y_dim=\dimen191
\l__coffin_x_dim=\dimen192
\l__coffin_y_dim=\dimen193
\l__coffin_x_prime_dim=\dimen194
\l__coffin_y_prime_dim=\dimen195
\c_empty_coffin=\box51
\l__coffin_aligned_coffin=\box52
\l__coffin_aligned_internal_coffin=\box53
\l_tmpa_coffin=\box54
\l_tmpb_coffin=\box55
\g_tmpa_coffin=\box56
\g_tmpb_coffin=\box57
\l__coffin_bounding_shift_dim=\dimen196
\l__coffin_left_corner_dim=\dimen197
\l__coffin_right_corner_dim=\dimen198
\l__coffin_bottom_corner_dim=\dimen199
\l__coffin_top_corner_dim=\dimen256
\l__coffin_scaled_total_height_dim=\dimen257
\l__coffin_scaled_width_dim=\dimen258
\c__coffin_empty_coffin=\box58
\l__coffin_display_coffin=\box59
\l__coffin_display_coord_coffin=\box60
\l__coffin_display_pole_coffin=\box61
\l__coffin_display_offset_dim=\dimen259
\l__coffin_display_x_dim=\dimen260
\l__coffin_display_y_dim=\dimen261
\g__file_internal_ior=\read2
\l__seq_internal_a_int=\count280
\l__seq_internal_b_int=\count281
\c__deprecation_minus_one=\count282
)
(/usr/local/texlive/2019/texmf-dist/tex/latex/l3kernel/l3pdfmode.def
File: l3pdfmode.def 2019-04-06 v L3 Experimental driver: PDF mode
\l__driver_color_stack_int=\count283
\l__driver_pdf_tmp_box=\box62
))
Package: xpatch 2012/10/02 v0.3 Extending etoolbox patching commands

(/usr/local/texlive/2019/texmf-dist/tex/latex/l3packages/xparse/xparse.sty
Package: xparse 2019-05-03 L3 Experimental document command parser
\l__xparse_current_arg_int=\count284
\g__xparse_grabber_int=\count285
\l__xparse_m_args_int=\count286
\l__xparse_v_nesting_int=\count287
)
(/usr/local/texlive/2019/texmf-dist/tex/latex/etoolbox/etoolbox.sty
Package: etoolbox 2018/08/19 v2.5f e-TeX tools for LaTeX (JAW)
\etb@tempcnta=\count288
))
(/usr/local/texlive/2019/texmf-dist/tex/latex/tools/tabularx.sty
Package: tabularx 2016/02/03 v2.11b `tabularx' package (DPC)

(/usr/local/texlive/2019/texmf-dist/tex/latex/tools/array.sty
Package: array 2018/12/30 v2.4k Tabular extension package (FMi)
\col@sep=\dimen262
\ar@mcellbox=\box63
\extrarowheight=\dimen263
\NC@list=\toks49
\extratabsurround=\skip61
\backup@length=\skip62
\ar@cellbox=\box64
)
\TX@col@width=\dimen264
\TX@old@table=\dimen265
\TX@old@col=\dimen266
\TX@target=\dimen267
\TX@delta=\dimen268
\TX@cols=\count289
\TX@ftn=\toks50
)
(/usr/local/texlive/2019/texmf-dist/tex/latex/setspace/setspace.sty
Package: setspace 2011/12/19 v6.7a set line spacing
)
(/usr/local/texlive/2019/texmf-dist/tex/latex/doclicense/doclicense.sty
Package: doclicense 2019/04/07 v1.9.0 Support for putting documents under a lic
ense

(/usr/local/texlive/2019/texmf-dist/tex/latex/oberdiek/kvoptions.sty
Package: kvoptions 2016/05/16 v3.12 Key value format for package options (HO)

(/usr/local/texlive/2019/texmf-dist/tex/generic/oberdiek/ltxcmds.sty
Package: ltxcmds 2016/05/16 v1.23 LaTeX kernel commands for general use (HO)
)
(/usr/local/texlive/2019/texmf-dist/tex/generic/oberdiek/kvsetkeys.sty
Package: kvsetkeys 2016/05/16 v1.17 Key value parser (HO)

(/usr/local/texlive/2019/texmf-dist/tex/generic/oberdiek/infwarerr.sty
Package: infwarerr 2016/05/16 v1.4 Providing info/warning/error messages (HO)
)
(/usr/local/texlive/2019/texmf-dist/tex/generic/oberdiek/etexcmds.sty
Package: etexcmds 2016/05/16 v1.6 Avoid name clashes with e-TeX commands (HO)

(/usr/local/texlive/2019/texmf-dist/tex/generic/oberdiek/ifluatex.sty
Package: ifluatex 2016/05/16 v1.4 Provides the ifluatex switch (HO)
Package ifluatex Info: LuaTeX not detected.
))))
(/usr/local/texlive/2019/texmf-dist/tex/latex/xifthen/xifthen.sty
Package: xifthen 2015/11/05 v1.4.0 Extended ifthen features

(/usr/local/texlive/2019/texmf-dist/tex/latex/ifmtarg/ifmtarg.sty
Package: ifmtarg 2018/04/16 v1.2b check for an empty argument
))
(/usr/local/texlive/2019/texmf-dist/tex/latex/tools/xspace.sty
Package: xspace 2014/10/28 v1.13 Space after command names (DPC,MH)
)
(/usr/local/texlive/2019/texmf-dist/tex/latex/tools/verbatim.sty
Package: verbatim 2014/10/28 v1.5q LaTeX2e package for verbatim enhancements
\every@verbatim=\toks51
\verbatim@line=\toks52
\verbatim@in@stream=\read3
)
\c@doclicense@enumeratei=\count290
\c@doclicense@enumerateii=\count291
\c@doclicense@enumerateiii=\count292
\c@doclicense@enumerateiv=\count293
\enitdp@doclicense@enumerate=\count294
\doclicense@hsize=\skip63

(/usr/local/texlive/2019/texmf-dist/tex/latex/doclicense/doclicense-english.ldf
File: doclicense-english.ldf 
))
(/usr/local/texlive/2019/texmf-dist/tex/generic/pgf/frontendlayer/tikz/librarie
s/tikzlibraryshapes.code.tex
File: tikzlibraryshapes.code.tex 2019/04/04 v3.1.2 (3.1.2)

(/usr/local/texlive/2019/texmf-dist/tex/generic/pgf/frontendlayer/tikz/librarie
s/tikzlibraryshapes.geometric.code.tex
File: tikzlibraryshapes.geometric.code.tex 2019/04/04 v3.1.2 (3.1.2)

(/usr/local/texlive/2019/texmf-dist/tex/generic/pgf/libraries/shapes/pgflibrary
shapes.geometric.code.tex
File: pgflibraryshapes.geometric.code.tex 2019/04/04 v3.1.2 (3.1.2)
))
(/usr/local/texlive/2019/texmf-dist/tex/generic/pgf/frontendlayer/tikz/librarie
s/tikzlibraryshapes.misc.code.tex
File: tikzlibraryshapes.misc.code.tex 2019/04/04 v3.1.2 (3.1.2)

(/usr/local/texlive/2019/texmf-dist/tex/generic/pgf/libraries/shapes/pgflibrary
shapes.misc.code.tex
File: pgflibraryshapes.misc.code.tex 2019/04/04 v3.1.2 (3.1.2)
))
(/usr/local/texlive/2019/texmf-dist/tex/generic/pgf/frontendlayer/tikz/librarie
s/tikzlibraryshapes.symbols.code.tex
File: tikzlibraryshapes.symbols.code.tex 2019/04/04 v3.1.2 (3.1.2)

(/usr/local/texlive/2019/texmf-dist/tex/generic/pgf/libraries/shapes/pgflibrary
shapes.symbols.code.tex
File: pgflibraryshapes.symbols.code.tex 2019/04/04 v3.1.2 (3.1.2)
))
(/usr/local/texlive/2019/texmf-dist/tex/generic/pgf/frontendlayer/tikz/librarie
s/tikzlibraryshapes.arrows.code.tex
File: tikzlibraryshapes.arrows.code.tex 2019/04/04 v3.1.2 (3.1.2)

(/usr/local/texlive/2019/texmf-dist/tex/generic/pgf/libraries/shapes/pgflibrary
shapes.arrows.code.tex
File: pgflibraryshapes.arrows.code.tex 2019/04/04 v3.1.2 (3.1.2)
))
(/usr/local/texlive/2019/texmf-dist/tex/generic/pgf/frontendlayer/tikz/librarie
s/tikzlibraryshapes.callouts.code.tex
(/usr/local/texlive/2019/texmf-dist/tex/generic/pgf/libraries/shapes/pgflibrary
shapes.callouts.code.tex))
(/usr/local/texlive/2019/texmf-dist/tex/generic/pgf/frontendlayer/tikz/librarie
s/tikzlibraryshapes.multipart.code.tex
File: tikzlibraryshapes.multipart.code.tex 2019/04/04 v3.1.2 (3.1.2)

(/usr/local/texlive/2019/texmf-dist/tex/generic/pgf/libraries/shapes/pgflibrary
shapes.multipart.code.tex
File: pgflibraryshapes.multipart.code.tex 2019/04/04 v3.1.2 (3.1.2)
\pgfnodepartlowerbox=\box65
\pgfnodeparttwobox=\box66
\pgfnodepartthreebox=\box67
\pgfnodepartfourbox=\box68
\pgfnodeparttwentybox=\box69
\pgfnodepartnineteenbox=\box70
\pgfnodeparteighteenbox=\box71
\pgfnodepartseventeenbox=\box72
\pgfnodepartsixteenbox=\box73
\pgfnodepartfifteenbox=\box74
\pgfnodepartfourteenbox=\box75
\pgfnodepartthirteenbox=\box76
\pgfnodeparttwelvebox=\box77
\pgfnodepartelevenbox=\box78
\pgfnodeparttenbox=\box79
\pgfnodepartninebox=\box80
\pgfnodeparteightbox=\box81
\pgfnodepartsevenbox=\box82
\pgfnodepartsixbox=\box83
\pgfnodepartfivebox=\box84
)))
(/usr/local/texlive/2019/texmf-dist/tex/generic/pgf/frontendlayer/tikz/librarie
s/tikzlibraryarrows.code.tex
File: tikzlibraryarrows.code.tex 2019/04/04 v3.1.2 (3.1.2)

(/usr/local/texlive/2019/texmf-dist/tex/generic/pgf/libraries/pgflibraryarrows.
code.tex
File: pgflibraryarrows.code.tex 2019/04/04 v3.1.2 (3.1.2)
\arrowsize=\dimen269
))
(/usr/local/texlive/2019/texmf-dist/tex/generic/pgf/frontendlayer/tikz/librarie
s/tikzlibrarychains.code.tex
File: tikzlibrarychains.code.tex 2019/04/04 v3.1.2 (3.1.2)
)
\c@thm=\count295

(/usr/local/texlive/2019/texmf-dist/tex/latex/csquotes/csquotes.sty
Package: csquotes 2018/04/13 v5.2d context-sensitive quotations (JAW)
\csq@reset=\count296
\csq@gtype=\count297
\csq@glevel=\count298
\csq@qlevel=\count299
\csq@maxlvl=\count300
\csq@tshold=\count301
\csq@ltx@everypar=\toks53

(/usr/local/texlive/2019/texmf-dist/tex/latex/csquotes/csquotes.def
File: csquotes.def 2018/04/13 v5.2d csquotes generic definitions (JAW)
)
Package csquotes Info: Trying to load configuration file 'csquotes.cfg'...
Package csquotes Info: ... configuration file loaded successfully.

(/usr/local/texlive/2019/texmf-dist/tex/latex/csquotes/csquotes.cfg
File: csquotes.cfg 
))
(/usr/local/texlive/2019/texmf-dist/tex/latex/ccicons/ccicons.sty
Package: ccicons 2017/10/30 v1.6 LaTeX support for Creative Commons icons
)
(/usr/local/texlive/2019/texmf-dist/tex/latex/hyperref/hyperref.sty
Package: hyperref 2018/11/30 v6.88e Hypertext links for LaTeX

(/usr/local/texlive/2019/texmf-dist/tex/generic/oberdiek/hobsub-hyperref.sty
Package: hobsub-hyperref 2016/05/16 v1.14 Bundle oberdiek, subset hyperref (HO)


(/usr/local/texlive/2019/texmf-dist/tex/generic/oberdiek/hobsub-generic.sty
Package: hobsub-generic 2016/05/16 v1.14 Bundle oberdiek, subset generic (HO)
Package: hobsub 2016/05/16 v1.14 Construct package bundles (HO)
Package hobsub Info: Skipping package `infwarerr' (already loaded).
Package hobsub Info: Skipping package `ltxcmds' (already loaded).
Package hobsub Info: Skipping package `ifluatex' (already loaded).
Package: ifvtex 2016/05/16 v1.6 Detect VTeX and its facilities (HO)
Package ifvtex Info: VTeX not detected.
Package: intcalc 2016/05/16 v1.2 Expandable calculations with integers (HO)
Package: ifpdf 2018/09/07 v3.3 Provides the ifpdf switch
Package hobsub Info: Skipping package `etexcmds' (already loaded).
Package hobsub Info: Skipping package `kvsetkeys' (already loaded).
Package: kvdefinekeys 2016/05/16 v1.4 Define keys (HO)
Package: pdftexcmds 2018/09/10 v0.29 Utility functions of pdfTeX for LuaTeX (HO
)
Package pdftexcmds Info: LuaTeX not detected.
Package pdftexcmds Info: \pdf@primitive is available.
Package pdftexcmds Info: \pdf@ifprimitive is available.
Package pdftexcmds Info: \pdfdraftmode found.
Package: pdfescape 2016/05/16 v1.14 Implements pdfTeX's escape features (HO)
Package: bigintcalc 2016/05/16 v1.4 Expandable calculations on big integers (HO
)
Package: bitset 2016/05/16 v1.2 Handle bit-vector datatype (HO)
Package: uniquecounter 2016/05/16 v1.3 Provide unlimited unique counter (HO)
)
Package hobsub Info: Skipping package `hobsub' (already loaded).
Package: letltxmacro 2016/05/16 v1.5 Let assignment for LaTeX macros (HO)
Package: hopatch 2016/05/16 v1.3 Wrapper for package hooks (HO)
Package: xcolor-patch 2016/05/16 xcolor patch
Package: atveryend 2016/05/16 v1.9 Hooks at the very end of document (HO)
Package: atbegshi 2016/06/09 v1.18 At begin shipout hook (HO)
Package: refcount 2016/05/16 v3.5 Data extraction from label references (HO)
Package: hycolor 2016/05/16 v1.8 Color options for hyperref/bookmark (HO)
)
(/usr/local/texlive/2019/texmf-dist/tex/generic/ifxetex/ifxetex.sty
Package: ifxetex 2010/09/12 v0.6 Provides ifxetex conditional
)
(/usr/local/texlive/2019/texmf-dist/tex/latex/oberdiek/auxhook.sty
Package: auxhook 2016/05/16 v1.4 Hooks for auxiliary files (HO)
)
\@linkdim=\dimen270
\Hy@linkcounter=\count302
\Hy@pagecounter=\count303

(/usr/local/texlive/2019/texmf-dist/tex/latex/hyperref/pd1enc.def
File: pd1enc.def 2018/11/30 v6.88e Hyperref: PDFDocEncoding definition (HO)
Now handling font encoding PD1 ...
... no UTF-8 mapping file for font encoding PD1
)
\Hy@SavedSpaceFactor=\count304

(/usr/local/texlive/2019/texmf-dist/tex/latex/latexconfig/hyperref.cfg
File: hyperref.cfg 2002/06/06 v1.2 hyperref configuration of TeXLive
)
Package hyperref Info: Hyper figures OFF on input line 4519.
Package hyperref Info: Link nesting OFF on input line 4524.
Package hyperref Info: Hyper index ON on input line 4527.
Package hyperref Info: Plain pages OFF on input line 4534.
Package hyperref Info: Backreferencing OFF on input line 4539.
Package hyperref Info: Implicit mode ON; LaTeX internals redefined.
Package hyperref Info: Bookmarks ON on input line 4772.
\c@Hy@tempcnt=\count305

(/usr/local/texlive/2019/texmf-dist/tex/latex/url/url.sty
\Urlmuskip=\muskip17
Package: url 2013/09/16  ver 3.4  Verb mode for urls, etc.
)
LaTeX Info: Redefining \url on input line 5125.
\XeTeXLinkMargin=\dimen271
\Fld@menulength=\count306
\Field@Width=\dimen272
\Fld@charsize=\dimen273
Package hyperref Info: Hyper figures OFF on input line 6380.
Package hyperref Info: Link nesting OFF on input line 6385.
Package hyperref Info: Hyper index ON on input line 6388.
Package hyperref Info: backreferencing OFF on input line 6395.
Package hyperref Info: Link coloring OFF on input line 6400.
Package hyperref Info: Link coloring with OCG OFF on input line 6405.
Package hyperref Info: PDF/A mode OFF on input line 6410.
LaTeX Info: Redefining \ref on input line 6450.
LaTeX Info: Redefining \pageref on input line 6454.
\Hy@abspage=\count307
\c@Item=\count308
\c@Hfootnote=\count309
)
Package hyperref Info: Driver (autodetected): hpdftex.

(/usr/local/texlive/2019/texmf-dist/tex/latex/hyperref/hpdftex.def
File: hpdftex.def 2018/11/30 v6.88e Hyperref driver for pdfTeX
\Fld@listcount=\count310
\c@bookmark@seq@number=\count311

(/usr/local/texlive/2019/texmf-dist/tex/latex/oberdiek/rerunfilecheck.sty
Package: rerunfilecheck 2016/05/16 v1.8 Rerun checks for auxiliary files (HO)
Package uniquecounter Info: New unique counter `rerunfilecheck' on input line 2
82.
)
\Hy@SectionHShift=\skip64
)
(./STA305 Notes.aux)
\openout1 = `"STA305 Notes.aux"'.

LaTeX Font Info:    Checking defaults for OML/cmm/m/it on input line 79.
LaTeX Font Info:    ... okay on input line 79.
LaTeX Font Info:    Checking defaults for T1/cmr/m/n on input line 79.
LaTeX Font Info:    ... okay on input line 79.
LaTeX Font Info:    Checking defaults for OT1/cmr/m/n on input line 79.
LaTeX Font Info:    ... okay on input line 79.
LaTeX Font Info:    Checking defaults for OMS/cmsy/m/n on input line 79.
LaTeX Font Info:    ... okay on input line 79.
LaTeX Font Info:    Checking defaults for OMX/cmex/m/n on input line 79.
LaTeX Font Info:    ... okay on input line 79.
LaTeX Font Info:    Checking defaults for U/cmr/m/n on input line 79.
LaTeX Font Info:    ... okay on input line 79.
LaTeX Font Info:    Checking defaults for LY/yfrak/m/n on input line 79.
LaTeX Font Info:    ... okay on input line 79.
LaTeX Font Info:    Checking defaults for LYG/ygoth/m/n on input line 79.
LaTeX Font Info:    ... okay on input line 79.
LaTeX Font Info:    Checking defaults for PD1/pdf/m/n on input line 79.
LaTeX Font Info:    ... okay on input line 79.
 ABD: EveryShipout initializing macros
(/usr/local/texlive/2019/texmf-dist/tex/context/base/mkii/supp-pdf.mkii
[Loading MPS to PDF converter (version 2006.09.02).]
\scratchcounter=\count312
\scratchdimen=\dimen274
\scratchbox=\box85
\nofMPsegments=\count313
\nofMParguments=\count314
\everyMPshowfont=\toks54
\MPscratchCnt=\count315
\MPscratchDim=\dimen275
\MPnumerator=\count316
\makeMPintoPDFobject=\count317
\everyMPtoPDFconversion=\toks55
) (/usr/local/texlive/2019/texmf-dist/tex/latex/oberdiek/epstopdf-base.sty
Package: epstopdf-base 2016/05/15 v2.6 Base part for package epstopdf

(/usr/local/texlive/2019/texmf-dist/tex/latex/oberdiek/grfext.sty
Package: grfext 2016/05/16 v1.2 Manage graphics extensions (HO)
)
Package epstopdf-base Info: Redefining graphics rule for `.eps' on input line 4
38.
Package grfext Info: Graphics extension search list:
(grfext)             [.pdf,.png,.jpg,.mps,.jpeg,.jbig2,.jb2,.PDF,.PNG,.JPG,.JPE
G,.JBIG2,.JB2,.eps]
(grfext)             \AppendGraphicsExtensions on input line 456.

(/usr/local/texlive/2019/texmf-dist/tex/latex/latexconfig/epstopdf-sys.cfg
File: epstopdf-sys.cfg 2010/07/13 v1.3 Configuration of (r)epstopdf for TeX Liv
e
))

Package todonotes Warning: The length marginparwidth is less than 2cm and will 
most likely cause issues with the appearance of inserted todonotes. The issue c
an be solved by adding a line like \setlength {\marginparwidth }{2cm} prior to 
loading the todonotes package. on input line 79.

\AtBeginShipoutBox=\box86
Package hyperref Info: Link coloring OFF on input line 79.
(/usr/local/texlive/2019/texmf-dist/tex/latex/hyperref/nameref.sty
Package: nameref 2016/05/21 v2.44 Cross-referencing by name of section

(/usr/local/texlive/2019/texmf-dist/tex/generic/oberdiek/gettitlestring.sty
Package: gettitlestring 2016/05/16 v1.5 Cleanup title references (HO)
)
\c@section@level=\count318
)
LaTeX Info: Redefining \ref on input line 79.
LaTeX Info: Redefining \pageref on input line 79.
LaTeX Info: Redefining \nameref on input line 79.

(./STA305 Notes.out) (./STA305 Notes.out)
\@outlinefile=\write4
\openout4 = `"STA305 Notes.out"'.

LaTeX Font Info:    Try loading font information for U+msa on input line 126.

(/usr/local/texlive/2019/texmf-dist/tex/latex/amsfonts/umsa.fd
File: umsa.fd 2013/01/14 v3.01 AMS symbols A
)
LaTeX Font Info:    Try loading font information for U+msb on input line 126.

(/usr/local/texlive/2019/texmf-dist/tex/latex/amsfonts/umsb.fd
File: umsb.fd 2013/01/14 v3.01 AMS symbols B
)
LaTeX Font Info:    Try loading font information for U+rsfs on input line 126.

(/usr/local/texlive/2019/texmf-dist/tex/latex/jknapltx/ursfs.fd
File: ursfs.fd 1998/03/24 rsfs font definition file (jk)
) [1

{/usr/local/texlive/2019/texmf-var/fonts/map/pdftex/updmap/pdftex.map}]
Underfull \hbox (badness 1454) in paragraph at lines 137--137
[]\OT1/cmr/m/n/10.95 This work is li-censed un-der a []Cre-ative Com-mons \  At
tribution-
 []

<doclicense-CC-by-nc-nd.pdf, id=41, 120.45pt x 42.1575pt>
File: doclicense-CC-by-nc-nd.pdf Graphic file (type pdf)
<use doclicense-CC-by-nc-nd.pdf>
Package pdftex.def Info: doclicense-CC-by-nc-nd.pdf  used on input line 137.
(pdftex.def)             Requested size: 109.50027pt x 38.32605pt.
[2 </usr/local/texlive/2019/texmf-dist/tex/latex/doclicense/images/doclicense-C
C-by-nc-nd.pdf>]

Package hyperref Warning: old toc file detected, not used; run LaTeX again.

\tf@toc=\write5
\openout5 = `"STA305 Notes.toc"'.

[3]
LaTeX Font Info:    Try loading font information for OMS+cmr on input line 148.

 (/usr/local/texlive/2019/texmf-dist/tex/latex/base/omscmr.fd
File: omscmr.fd 2014/09/29 v2.5h Standard LaTeX font definitions
)
LaTeX Font Info:    Font shape `OMS/cmr/m/n' in size <10.95> not available
(Font)              Font shape `OMS/cmsy/m/n' tried instead on input line 148.
 [4]
<"Pic 1".JPG, id=63, 1446.40375pt x 1084.05pt>
File: "Pic 1".JPG Graphic file (type jpg)
<use "Pic 1".JPG>
Package pdftex.def Info: "Pic 1".JPG  used on input line 187.
(pdftex.def)             Requested size: 469.75499pt x 352.06396pt.
 [5 <./Pic 1.JPG>] [6] [7]
<"Pic 2".JPG, id=89, 1446.40375pt x 1084.05pt>
File: "Pic 2".JPG Graphic file (type jpg)
<use "Pic 2".JPG>
Package pdftex.def Info: "Pic 2".JPG  used on input line 268.
(pdftex.def)             Requested size: 469.75499pt x 352.06396pt.
 [8 <./Pic 2.JPG>]
<"Pic 3".JPG, id=98, 1256.695pt x 520.94624pt>
File: "Pic 3".JPG Graphic file (type jpg)
<use "Pic 3".JPG>
Package pdftex.def Info: "Pic 3".JPG  used on input line 302.
(pdftex.def)             Requested size: 469.75499pt x 194.7264pt.
 [9 <./Pic 3.JPG>]
<"Pic 4".JPG, id=109, 1415.2875pt x 317.185pt>
File: "Pic 4".JPG Graphic file (type jpg)
<use "Pic 4".JPG>
Package pdftex.def Info: "Pic 4".JPG  used on input line 325.
(pdftex.def)             Requested size: 469.75499pt x 105.27634pt.
 [10 <./Pic 4.JPG>]
[11] [12] [13] [14]
<"pic 5".JPG, id=164, 1446.40375pt x 1084.05pt>
File: "pic 5".JPG Graphic file (type jpg)
<use "pic 5".JPG>
Package pdftex.def Info: "pic 5".JPG  used on input line 453.
(pdftex.def)             Requested size: 469.75499pt x 352.06396pt.
 [15 <./pic 5.JPG>]
<"pic 6".JPG, id=170, 1446.40375pt x 1084.05pt>
File: "pic 6".JPG Graphic file (type jpg)
<use "pic 6".JPG>
Package pdftex.def Info: "pic 6".JPG  used on input line 463.
(pdftex.def)             Requested size: 469.75499pt x 352.06396pt.
<"pic 7".JPG, id=171, 1446.40375pt x 1084.05pt>
File: "pic 7".JPG Graphic file (type jpg)
<use "pic 7".JPG>
Package pdftex.def Info: "pic 7".JPG  used on input line 466.
(pdftex.def)             Requested size: 469.75499pt x 352.06396pt.
 [16 <./pic 6.JPG>]
<"pic 8".JPG, id=176, 1446.40375pt x 1084.05pt>
File: "pic 8".JPG Graphic file (type jpg)
<use "pic 8".JPG>
Package pdftex.def Info: "pic 8".JPG  used on input line 469.
(pdftex.def)             Requested size: 469.75499pt x 352.06396pt.
 [17 <./pic 7.JPG>]
[18 <./pic 8.JPG>] [19]
Package atveryend Info: Empty hook `BeforeClearDocument' on input line 499.
Package atveryend Info: Empty hook `AfterLastShipout' on input line 499.
 (./STA305 Notes.aux)
Package atveryend Info: Executing hook `AtVeryEndDocument' on input line 499.
Package atveryend Info: Executing hook `AtEndAfterFileList' on input line 499.


Package rerunfilecheck Warning: File `"STA305 Notes".out' has changed.
(rerunfilecheck)                Rerun to get outlines right
(rerunfilecheck)                or use package `bookmark'.

Package rerunfilecheck Info: Checksums for `"STA305 Notes".out':
(rerunfilecheck)             Before: D41D8CD98F00B204E9800998ECF8427E;0
(rerunfilecheck)             After:  7E44948C9543C5864DFB04BBFAA12AB6;1316.
 ) 
Here is how much of TeX's memory you used:
 32483 strings out of 492616
 650954 string characters out of 6129481
 725922 words of memory out of 5000000
 35816 multiletter control sequences out of 15000+600000
 542590 words of font info for 65 fonts, out of 8000000 for 9000
 1141 hyphenation exceptions out of 8191
 56i,14n,84p,1119b,1030s stack positions out of 5000i,500n,10000p,200000b,80000s
</usr/local/texlive/2019/texmf-dist/fonts/type1/public/amsfonts/cm/cmbx10.pfb
></usr/local/texlive/2019/texmf-dist/fonts/type1/public/amsfonts/cm/cmbx12.pfb>
</usr/local/texlive/2019/texmf-dist/fonts/type1/public/amsfonts/cm/cmex10.pfb><
/usr/local/texlive/2019/texmf-dist/fonts/type1/public/amsfonts/cm/cmmi10.pfb></
usr/local/texlive/2019/texmf-dist/fonts/type1/public/amsfonts/cm/cmmi6.pfb></us
r/local/texlive/2019/texmf-dist/fonts/type1/public/amsfonts/cm/cmmi8.pfb></usr/
local/texlive/2019/texmf-dist/fonts/type1/public/amsfonts/cm/cmr10.pfb></usr/lo
cal/texlive/2019/texmf-dist/fonts/type1/public/amsfonts/cm/cmr12.pfb></usr/loca
l/texlive/2019/texmf-dist/fonts/type1/public/amsfonts/cm/cmr6.pfb></usr/local/t
exlive/2019/texmf-dist/fonts/type1/public/amsfonts/cm/cmr8.pfb></usr/local/texl
ive/2019/texmf-dist/fonts/type1/public/amsfonts/cm/cmsy10.pfb></usr/local/texli
ve/2019/texmf-dist/fonts/type1/public/amsfonts/cm/cmsy8.pfb></usr/local/texlive
/2019/texmf-dist/fonts/type1/public/amsfonts/symbols/msbm10.pfb>
Output written on "STA305 Notes.pdf" (19 pages, 933294 bytes).
PDF statistics:
 249 PDF objects out of 1000 (max. 8388607)
 188 compressed objects within 2 object streams
 72 named destinations out of 1000 (max. 500000)
 154 words of extra memory for PDF output out of 10000 (max. 10000000)

