\BOOKMARK [1][-]{section.1}{Lec 1 Introduction to Experiments and Types of Data}{}% 1
\BOOKMARK [2][-]{subsection.1.1}{General Outline of an Experiment}{section.1}% 2
\BOOKMARK [2][-]{subsection.1.2}{Steps of an Experimental Design}{section.1}% 3
\BOOKMARK [2][-]{subsection.1.3}{Definitions used in Statistical Inference}{section.1}% 4
\BOOKMARK [2][-]{subsection.1.4}{Experimental Study vs. Observational Study}{section.1}% 5
\BOOKMARK [2][-]{subsection.1.5}{Types of Variables}{section.1}% 6
\BOOKMARK [2][-]{subsection.1.6}{Crossed vs. Nested Factors}{section.1}% 7
\BOOKMARK [2][-]{subsection.1.7}{Nuisance Variables}{section.1}% 8
\BOOKMARK [2][-]{subsection.1.8}{Confounding}{section.1}% 9
\BOOKMARK [2][-]{subsection.1.9}{Blinding}{section.1}% 10
\BOOKMARK [2][-]{subsection.1.10}{Balance}{section.1}% 11
\BOOKMARK [1][-]{section.2}{Lec 2 Review of Hypothesis Testing and One-Way ANOVA with 2 Levels}{}% 12
\BOOKMARK [2][-]{subsection.2.1}{Single Factor Analysis with 2 levels}{section.2}% 13
\BOOKMARK [2][-]{subsection.2.2}{Review of Hypothesis Testing}{section.2}% 14
\BOOKMARK [2][-]{subsection.2.3}{Review: Two Sample T-Tests}{section.2}% 15
\BOOKMARK [2][-]{subsection.2.4}{Pooled T-Test}{section.2}% 16
\BOOKMARK [2][-]{subsection.2.5}{Welch's T-Test Using Satterthwaite Approximation}{section.2}% 17
\BOOKMARK [2][-]{subsection.2.6}{Analysis of Variance \(ANOVA\)}{section.2}% 18
\BOOKMARK [2][-]{subsection.2.7}{Recall: Multiple Linear Regression}{section.2}% 19
\BOOKMARK [2][-]{subsection.2.8}{Indicator Variables}{section.2}% 20
\BOOKMARK [2][-]{subsection.2.9}{One-Way ANOVA with 2 levels}{section.2}% 21
\BOOKMARK [2][-]{subsection.2.10}{Variation and Sum of Squares}{section.2}% 22
\BOOKMARK [2][-]{subsection.2.11}{One-Way ANOVA Notation}{section.2}% 23
\BOOKMARK [2][-]{subsection.2.12}{One-Way ANOVA Table}{section.2}% 24
\BOOKMARK [2][-]{subsection.2.13}{F-Test}{section.2}% 25
\BOOKMARK [1][-]{section.3}{Lec 3 One-Way ANOVA with a Levels}{}% 26
\BOOKMARK [2][-]{subsection.3.1}{Computational Formulae for SS}{section.3}% 27
\BOOKMARK [2][-]{subsection.3.2}{Proofs of Computational Formulae for SS}{section.3}% 28
\BOOKMARK [2][-]{subsection.3.3}{What happens if we reject H0?}{section.3}% 29
\BOOKMARK [1][-]{section.4}{Lec 4 Follow-Up Comparisons for One-Way ANOVA: Testing Contrasts and Post-Hoc Analysis}{}% 30
\BOOKMARK [2][-]{subsection.4.1}{Recall Example of Fertilizers in Farming- ANOVA}{section.4}% 31
\BOOKMARK [2][-]{subsection.4.2}{Pairwise Comparisons}{section.4}% 32
\BOOKMARK [2][-]{subsection.4.3}{Testing Using Contrasts}{section.4}% 33
\BOOKMARK [2][-]{subsection.4.4}{Orthogonal Contrasts}{section.4}% 34
\BOOKMARK [2][-]{subsection.4.5}{Method for Constructing Mutually Orthogonal Set}{section.4}% 35
\BOOKMARK [2][-]{subsection.4.6}{Balanced Designs}{section.4}% 36
\BOOKMARK [2][-]{subsection.4.7}{Problem with Multiple Comparisons}{section.4}% 37
\BOOKMARK [2][-]{subsection.4.8}{Pre-planned Tests/Primary Research Questions}{section.4}% 38
\BOOKMARK [2][-]{subsection.4.9}{Simple Solution to Correct Type I Error}{section.4}% 39
\BOOKMARK [2][-]{subsection.4.10}{Bonferroni Method}{section.4}% 40
\BOOKMARK [2][-]{subsection.4.11}{Sidak-Bonferroni Procedure}{section.4}% 41
\BOOKMARK [2][-]{subsection.4.12}{Confidence Intervals}{section.4}% 42
\BOOKMARK [2][-]{subsection.4.13}{Tukey's HSD Procedure}{section.4}% 43
\BOOKMARK [2][-]{subsection.4.14}{Scheffe's Procedure}{section.4}% 44
\BOOKMARK [2][-]{subsection.4.15}{Pros and Cons of each Method}{section.4}% 45
\BOOKMARK [1][-]{section.5}{Lec 5 Linear Model Assumptions and ANOVA Coding Schemes}{}% 46
\BOOKMARK [2][-]{subsection.5.1}{Statistical Models for ANOVA}{section.5}% 47
\BOOKMARK [2][-]{subsection.5.2}{The Null Model}{section.5}% 48
